2023-04-06 19:00:00,487 DEBUG [HikariPool-1 connection closer][PoolBase.java:134] - HikariPool-1 - Closing connection com.mysql.cj.jdbc.ConnectionImpl@21114c38: (connection has passed maxLifetime)
2023-04-06 19:00:00,500 DEBUG [HikariPool-1 connection adder][HikariPool.java:728] - HikariPool-1 - Added connection com.mysql.cj.jdbc.ConnectionImpl@5da72fff
2023-04-06 19:00:00,500 DEBUG [HikariPool-1 connection adder][HikariPool.java:728] - HikariPool-1 - Added connection com.mysql.cj.jdbc.ConnectionImpl@5da72fff
2023-04-06 19:00:00,487 DEBUG [HikariPool-1 connection closer][PoolBase.java:134] - HikariPool-1 - Closing connection com.mysql.cj.jdbc.ConnectionImpl@21114c38: (connection has passed maxLifetime)
2023-04-06 19:00:00,501 DEBUG [HikariPool-1 connection closer][HikariPool.java:517] - HikariPool-1 - Fill pool skipped, pool is at sufficient level.
2023-04-06 19:00:00,501 DEBUG [HikariPool-1 connection closer][HikariPool.java:517] - HikariPool-1 - Fill pool skipped, pool is at sufficient level.
2023-04-06 19:00:00,564 DEBUG [HikariPool-1 connection closer][PoolBase.java:134] - HikariPool-1 - Closing connection com.mysql.cj.jdbc.ConnectionImpl@3cb3758c: (connection has passed maxLifetime)
2023-04-06 19:00:00,564 DEBUG [HikariPool-1 connection closer][PoolBase.java:134] - HikariPool-1 - Closing connection com.mysql.cj.jdbc.ConnectionImpl@3cb3758c: (connection has passed maxLifetime)
2023-04-06 19:00:00,575 DEBUG [HikariPool-1 connection adder][HikariPool.java:728] - HikariPool-1 - Added connection com.mysql.cj.jdbc.ConnectionImpl@1c9a25c4
2023-04-06 19:00:00,575 DEBUG [HikariPool-1 connection adder][HikariPool.java:728] - HikariPool-1 - Added connection com.mysql.cj.jdbc.ConnectionImpl@1c9a25c4
2023-04-06 19:00:01,001 DEBUG [HikariPool-1 housekeeper][HikariPool.java:421] - HikariPool-1 - Pool stats (total=10, active=0, idle=10, waiting=0)
2023-04-06 19:00:01,001 DEBUG [HikariPool-1 housekeeper][HikariPool.java:421] - HikariPool-1 - Pool stats (total=10, active=0, idle=10, waiting=0)
2023-04-06 19:00:01,001 DEBUG [HikariPool-1 housekeeper][HikariPool.java:517] - HikariPool-1 - Fill pool skipped, pool is at sufficient level.
2023-04-06 19:00:01,001 DEBUG [HikariPool-1 housekeeper][HikariPool.java:517] - HikariPool-1 - Fill pool skipped, pool is at sufficient level.
2023-04-06 19:00:04,301 DEBUG [HikariPool-1 connection closer][PoolBase.java:134] - HikariPool-1 - Closing connection com.mysql.cj.jdbc.ConnectionImpl@1d42291c: (connection has passed maxLifetime)
2023-04-06 19:00:04,301 DEBUG [HikariPool-1 connection closer][PoolBase.java:134] - HikariPool-1 - Closing connection com.mysql.cj.jdbc.ConnectionImpl@1d42291c: (connection has passed maxLifetime)
2023-04-06 19:00:04,308 DEBUG [HikariPool-1 connection adder][HikariPool.java:728] - HikariPool-1 - Added connection com.mysql.cj.jdbc.ConnectionImpl@7cb5da8b
2023-04-06 19:00:04,308 DEBUG [HikariPool-1 connection adder][HikariPool.java:728] - HikariPool-1 - Added connection com.mysql.cj.jdbc.ConnectionImpl@7cb5da8b
2023-04-06 19:00:06,899 DEBUG [HikariPool-1 connection closer][PoolBase.java:134] - HikariPool-1 - Closing connection com.mysql.cj.jdbc.ConnectionImpl@7492a18e: (connection has passed maxLifetime)
2023-04-06 19:00:06,899 DEBUG [HikariPool-1 connection closer][PoolBase.java:134] - HikariPool-1 - Closing connection com.mysql.cj.jdbc.ConnectionImpl@7492a18e: (connection has passed maxLifetime)
2023-04-06 19:00:06,913 DEBUG [HikariPool-1 connection adder][HikariPool.java:728] - HikariPool-1 - Added connection com.mysql.cj.jdbc.ConnectionImpl@783d79c6
2023-04-06 19:00:06,913 DEBUG [HikariPool-1 connection adder][HikariPool.java:728] - HikariPool-1 - Added connection com.mysql.cj.jdbc.ConnectionImpl@783d79c6
